<?xml version="1.0" encoding="UTF-8" standalone="yes"?><!DOCTYPE report PUBLIC "-//JACOCO//DTD Report 1.0//EN" "report.dtd">
<report name="swk_logger_interface-0.9.0">
   <package name="ch/hslu/swk/hs12/logger/ifteam">
      <class name="ch/hslu/swk/hs12/logger/ifteam/LoggerFactory">
         <method name="&lt;init&gt;" desc="()V" line="16">
            <counter type="INSTRUCTION" missed="3" covered="0" />
            <counter type="LINE" missed="2" covered="0" />
            <counter type="COMPLEXITY" missed="1" covered="0" />
            <counter type="METHOD" missed="1" covered="0" />
         </method>
         <method name="createLogger"
            desc="(Ljava/lang/String;)Lch/hslu/swk/hs12/logger/ifteam/ILogger;"
            line="28">
            <counter type="INSTRUCTION" missed="20" covered="0" />
            <counter type="LINE" missed="6" covered="0" />
            <counter type="COMPLEXITY" missed="1" covered="0" />
            <counter type="METHOD" missed="1" covered="0" />
         </method>
         <method name="getInstance" desc="()Lch/hslu/swk/hs12/logger/ifteam/ILogger;"
            line="42">
            <counter type="INSTRUCTION" missed="2" covered="0" />
            <counter type="LINE" missed="1" covered="0" />
            <counter type="COMPLEXITY" missed="1" covered="0" />
            <counter type="METHOD" missed="1" covered="0" />
         </method>
         <counter type="INSTRUCTION" missed="25" covered="0" />
         <counter type="LINE" missed="9" covered="0" />
         <counter type="COMPLEXITY" missed="3" covered="0" />
         <counter type="METHOD" missed="3" covered="0" />
         <counter type="CLASS" missed="1" covered="0" />
      </class>
      <class name="ch/hslu/swk/hs12/logger/ifteam/LogLevel">
         <method name="values" desc="()[Lch/hslu/swk/hs12/logger/ifteam/LogLevel;"
            line="7">
            <counter type="INSTRUCTION" missed="4" covered="0" />
            <counter type="LINE" missed="1" covered="0" />
            <counter type="COMPLEXITY" missed="1" covered="0" />
            <counter type="METHOD" missed="1" covered="0" />
         </method>
         <method name="valueOf"
            desc="(Ljava/lang/String;)Lch/hslu/swk/hs12/logger/ifteam/LogLevel;"
            line="7">
            <counter type="INSTRUCTION" missed="5" covered="0" />
            <counter type="LINE" missed="1" covered="0" />
            <counter type="COMPLEXITY" missed="1" covered="0" />
            <counter type="METHOD" missed="1" covered="0" />
         </method>
         <method name="&lt;init&gt;" desc="(Ljava/lang/String;I)V" line="7">
            <counter type="INSTRUCTION" missed="5" covered="0" />
            <counter type="LINE" missed="1" covered="0" />
            <counter type="COMPLEXITY" missed="1" covered="0" />
            <counter type="METHOD" missed="1" covered="0" />
         </method>
         <method name="&lt;clinit&gt;" desc="()V" line="7">
            <counter type="INSTRUCTION" missed="64" covered="0" />
            <counter type="LINE" missed="7" covered="0" />
            <counter type="COMPLEXITY" missed="1" covered="0" />
            <counter type="METHOD" missed="1" covered="0" />
         </method>
         <counter type="INSTRUCTION" missed="78" covered="0" />
         <counter type="LINE" missed="7" covered="0" />
         <counter type="COMPLEXITY" missed="4" covered="0" />
         <counter type="METHOD" missed="4" covered="0" />
         <counter type="CLASS" missed="1" covered="0" />
      </class>
      <sourcefile name="LoggerFactory.java">
         <line nr="16" mi="2" ci="0" mb="0" cb="0" />
         <line nr="17" mi="1" ci="0" mb="0" cb="0" />
         <line nr="28" mi="3" ci="0" mb="0" cb="0" />
         <line nr="30" mi="4" ci="0" mb="0" cb="0" />
         <line nr="31" mi="4" ci="0" mb="0" cb="0" />
         <line nr="32" mi="2" ci="0" mb="0" cb="0" />
         <line nr="33" mi="1" ci="0" mb="0" cb="0" />
         <line nr="34" mi="6" ci="0" mb="0" cb="0" />
         <line nr="42" mi="2" ci="0" mb="0" cb="0" />
         <counter type="INSTRUCTION" missed="25" covered="0" />
         <counter type="LINE" missed="9" covered="0" />
         <counter type="COMPLEXITY" missed="3" covered="0" />
         <counter type="METHOD" missed="3" covered="0" />
         <counter type="CLASS" missed="1" covered="0" />
      </sourcefile>
      <sourcefile name="LogLevel.java">
         <line nr="7" mi="42" ci="0" mb="0" cb="0" />
         <line nr="11" mi="6" ci="0" mb="0" cb="0" />
         <line nr="15" mi="6" ci="0" mb="0" cb="0" />
         <line nr="19" mi="6" ci="0" mb="0" cb="0" />
         <line nr="23" mi="6" ci="0" mb="0" cb="0" />
         <line nr="27" mi="6" ci="0" mb="0" cb="0" />
         <line nr="31" mi="6" ci="0" mb="0" cb="0" />
         <counter type="INSTRUCTION" missed="78" covered="0" />
         <counter type="LINE" missed="7" covered="0" />
         <counter type="COMPLEXITY" missed="4" covered="0" />
         <counter type="METHOD" missed="4" covered="0" />
         <counter type="CLASS" missed="1" covered="0" />
      </sourcefile>
      <counter type="INSTRUCTION" missed="103" covered="0" />
      <counter type="LINE" missed="16" covered="0" />
      <counter type="COMPLEXITY" missed="7" covered="0" />
      <counter type="METHOD" missed="7" covered="0" />
      <counter type="CLASS" missed="2" covered="0" />
   </package>
   <package name="ch/hslu/swk/hs12/logger/ifteam/exceptions">
      <class
         name="ch/hslu/swk/hs12/logger/ifteam/exceptions/ServerNotConfiguredException">
         <method name="&lt;init&gt;" desc="()V" line="10">
            <counter type="INSTRUCTION" missed="3" covered="0" />
            <counter type="LINE" missed="1" covered="0" />
            <counter type="COMPLEXITY" missed="1" covered="0" />
            <counter type="METHOD" missed="1" covered="0" />
         </method>
         <counter type="INSTRUCTION" missed="3" covered="0" />
         <counter type="LINE" missed="1" covered="0" />
         <counter type="COMPLEXITY" missed="1" covered="0" />
         <counter type="METHOD" missed="1" covered="0" />
         <counter type="CLASS" missed="1" covered="0" />
      </class>
      <class name="ch/hslu/swk/hs12/logger/ifteam/exceptions/LoggerCreationException">
         <method name="&lt;init&gt;"
            desc="(Ljava/lang/String;Ljava/lang/ReflectiveOperationException;)V"
            line="15">
            <counter type="INSTRUCTION" missed="5" covered="0" />
            <counter type="LINE" missed="2" covered="0" />
            <counter type="COMPLEXITY" missed="1" covered="0" />
            <counter type="METHOD" missed="1" covered="0" />
         </method>
         <counter type="INSTRUCTION" missed="5" covered="0" />
         <counter type="LINE" missed="2" covered="0" />
         <counter type="COMPLEXITY" missed="1" covered="0" />
         <counter type="METHOD" missed="1" covered="0" />
         <counter type="CLASS" missed="1" covered="0" />
      </class>
      <sourcefile name="ServerNotConfiguredException.java">
         <line nr="10" mi="3" ci="0" mb="0" cb="0" />
         <counter type="INSTRUCTION" missed="3" covered="0" />
         <counter type="LINE" missed="1" covered="0" />
         <counter type="COMPLEXITY" missed="1" covered="0" />
         <counter type="METHOD" missed="1" covered="0" />
         <counter type="CLASS" missed="1" covered="0" />
      </sourcefile>
      <sourcefile name="LoggerCreationException.java">
         <line nr="15" mi="4" ci="0" mb="0" cb="0" />
         <line nr="16" mi="1" ci="0" mb="0" cb="0" />
         <counter type="INSTRUCTION" missed="5" covered="0" />
         <counter type="LINE" missed="2" covered="0" />
         <counter type="COMPLEXITY" missed="1" covered="0" />
         <counter type="METHOD" missed="1" covered="0" />
         <counter type="CLASS" missed="1" covered="0" />
      </sourcefile>
      <counter type="INSTRUCTION" missed="8" covered="0" />
      <counter type="LINE" missed="3" covered="0" />
      <counter type="COMPLEXITY" missed="2" covered="0" />
      <counter type="METHOD" missed="2" covered="0" />
      <counter type="CLASS" missed="2" covered="0" />
   </package>
   <counter type="INSTRUCTION" missed="111" covered="0" />
   <counter type="LINE" missed="19" covered="0" />
   <counter type="COMPLEXITY" missed="9" covered="0" />
   <counter type="METHOD" missed="9" covered="0" />
   <counter type="CLASS" missed="4" covered="0" />
</report>