<?xml version="1.0" encoding="UTF-8" standalone="yes"?>
<!DOCTYPE report PUBLIC "-//JACOCO//DTD Report 1.0//EN" "report.dtd">
<report name="qsreporter-0.0.1">
   <sessioninfo id="HPEB_ROG-19e8999b" start="1328528049288" dump="1328528049721" />
   <sessioninfo id="HPEB_ROG-dbdbadf6" start="1328530232135" dump="1328530233497" />
   <sessioninfo id="HPEB_ROG-3af125c" start="1328530282789" dump="1328530283246" />
   <sessioninfo id="HPEB_ROG-de547f1f" start="1328530602988" dump="1328530603534" />
   <sessioninfo id="HPEB_ROG-c0a05164" start="1328530641094" dump="1328530641690" />
   <sessioninfo id="HPEB_ROG-5d03aa6d" start="1328532443200" dump="1328532443986" />
   <package name="ch/gitik/qsreporter">
      <class name="ch/gitik/qsreporter/QSDataExtractorJaCoCo">
         <method name="&lt;init&gt;" desc="()V" line="45">
            <counter type="INSTRUCTION" missed="0" covered="3" />
            <counter type="LINE" missed="0" covered="1" />
            <counter type="COMPLEXITY" missed="0" covered="1" />
            <counter type="METHOD" missed="0" covered="1" />
         </method>
         <method name="extract" desc="(Ljava/io/File;)Lch/gitik/qsreporter/jacoco/JaCoCoModel;" line="54">
            <counter type="INSTRUCTION" missed="44" covered="12" />
            <counter type="LINE" missed="11" covered="5" />
            <counter type="COMPLEXITY" missed="0" covered="1" />
            <counter type="METHOD" missed="0" covered="1" />
         </method>
         <method name="getData" desc="(Lorg/w3c/dom/Document;)Lch/gitik/qsreporter/jacoco/JaCoCoModel;" line="90">
            <counter type="INSTRUCTION" missed="0" covered="212" />
            <counter type="BRANCH" missed="5" covered="19" />
            <counter type="LINE" missed="0" covered="31" />
            <counter type="COMPLEXITY" missed="5" covered="12" />
            <counter type="METHOD" missed="0" covered="1" />
         </method>
         <method name="getDocument" desc="(Ljava/io/File;)Lorg/w3c/dom/Document;" line="156">
            <counter type="INSTRUCTION" missed="0" covered="20" />
            <counter type="LINE" missed="0" covered="6" />
            <counter type="COMPLEXITY" missed="0" covered="1" />
            <counter type="METHOD" missed="0" covered="1" />
         </method>
         <counter type="INSTRUCTION" missed="44" covered="247" />
         <counter type="BRANCH" missed="5" covered="19" />
         <counter type="LINE" missed="11" covered="43" />
         <counter type="COMPLEXITY" missed="5" covered="15" />
         <counter type="METHOD" missed="0" covered="4" />
         <counter type="CLASS" missed="0" covered="1" />
      </class>
      <class name="ch/gitik/qsreporter/QSDataExtractorJaCoCo$1">
         <method name="&lt;init&gt;" desc="()V" line="160">
            <counter type="INSTRUCTION" missed="0" covered="3" />
            <counter type="LINE" missed="0" covered="1" />
            <counter type="COMPLEXITY" missed="0" covered="1" />
            <counter type="METHOD" missed="0" covered="1" />
         </method>
         <method name="resolveEntity" desc="(Ljava/lang/String;Ljava/lang/String;)Lorg/xml/sax/InputSource;" line="164">
            <counter type="INSTRUCTION" missed="0" covered="8" />
            <counter type="LINE" missed="0" covered="1" />
            <counter type="COMPLEXITY" missed="0" covered="1" />
            <counter type="METHOD" missed="0" covered="1" />
         </method>
         <counter type="INSTRUCTION" missed="0" covered="11" />
         <counter type="LINE" missed="0" covered="2" />
         <counter type="COMPLEXITY" missed="0" covered="2" />
         <counter type="METHOD" missed="0" covered="2" />
         <counter type="CLASS" missed="0" covered="1" />
      </class>
      <class name="ch/gitik/qsreporter/Test">
         <method name="main" desc="([Ljava/lang/String;)V" line="35">
            <counter type="INSTRUCTION" missed="17" covered="0" />
            <counter type="LINE" missed="5" covered="0" />
            <counter type="COMPLEXITY" missed="1" covered="0" />
            <counter type="METHOD" missed="1" covered="0" />
         </method>
         <method name="&lt;init&gt;" desc="()V" line="44">
            <counter type="INSTRUCTION" missed="3" covered="0" />
            <counter type="LINE" missed="2" covered="0" />
            <counter type="COMPLEXITY" missed="1" covered="0" />
            <counter type="METHOD" missed="1" covered="0" />
         </method>
         <counter type="INSTRUCTION" missed="20" covered="0" />
         <counter type="LINE" missed="7" covered="0" />
         <counter type="COMPLEXITY" missed="2" covered="0" />
         <counter type="METHOD" missed="2" covered="0" />
         <counter type="CLASS" missed="1" covered="0" />
      </class>
      <sourcefile name="QSDataExtractorJaCoCo.java">
         <line nr="45" mi="0" ci="3" mb="0" cb="0" />
         <line nr="54" mi="0" ci="2" mb="0" cb="0" />
         <line nr="56" mi="0" ci="3" mb="0" cb="0" />
         <line nr="57" mi="0" ci="4" mb="0" cb="0" />
         <line nr="58" mi="1" ci="0" mb="0" cb="0" />
         <line nr="59" mi="16" ci="0" mb="0" cb="0" />
         <line nr="60" mi="11" ci="0" mb="0" cb="0" />
         <line nr="61" mi="1" ci="0" mb="0" cb="0" />
         <line nr="62" mi="2" ci="0" mb="0" cb="0" />
         <line nr="63" mi="1" ci="0" mb="0" cb="0" />
         <line nr="64" mi="2" ci="0" mb="0" cb="0" />
         <line nr="65" mi="1" ci="0" mb="0" cb="0" />
         <line nr="66" mi="2" ci="0" mb="0" cb="0" />
         <line nr="67" mi="1" ci="0" mb="0" cb="0" />
         <line nr="68" mi="2" ci="0" mb="0" cb="0" />
         <line nr="69" mi="4" ci="1" mb="0" cb="0" />
         <line nr="70" mi="0" ci="2" mb="0" cb="0" />
         <line nr="90" mi="0" ci="2" mb="0" cb="0" />
         <line nr="91" mi="0" ci="3" mb="0" cb="0" />
         <line nr="93" mi="0" ci="4" mb="0" cb="0" />
         <line nr="94" mi="0" ci="5" mb="0" cb="0" />
         <line nr="95" mi="0" ci="3" mb="0" cb="0" />
         <line nr="97" mi="0" ci="4" mb="0" cb="0" />
         <line nr="98" mi="0" ci="5" mb="0" cb="0" />
         <line nr="99" mi="0" ci="3" mb="0" cb="0" />
         <line nr="101" mi="0" ci="4" mb="0" cb="0" />
         <line nr="102" mi="0" ci="5" mb="0" cb="0" />
         <line nr="103" mi="0" ci="3" mb="0" cb="0" />
         <line nr="106" mi="0" ci="2" mb="0" cb="0" />
         <line nr="107" mi="0" ci="2" mb="0" cb="0" />
         <line nr="108" mi="0" ci="2" mb="0" cb="0" />
         <line nr="109" mi="0" ci="2" mb="0" cb="0" />
         <line nr="110" mi="0" ci="2" mb="0" cb="0" />
         <line nr="112" mi="0" ci="8" mb="0" cb="2" />
         <line nr="113" mi="0" ci="4" mb="0" cb="0" />
         <line nr="115" mi="0" ci="44" mb="5" cb="17" />
         <line nr="117" mi="0" ci="16" mb="0" cb="0" />
         <line nr="119" mi="0" ci="1" mb="0" cb="0" />
         <line nr="121" mi="0" ci="16" mb="0" cb="0" />
         <line nr="123" mi="0" ci="1" mb="0" cb="0" />
         <line nr="125" mi="0" ci="16" mb="0" cb="0" />
         <line nr="127" mi="0" ci="1" mb="0" cb="0" />
         <line nr="129" mi="0" ci="16" mb="0" cb="0" />
         <line nr="131" mi="0" ci="1" mb="0" cb="0" />
         <line nr="133" mi="0" ci="16" mb="0" cb="0" />
         <line nr="135" mi="0" ci="1" mb="0" cb="0" />
         <line nr="137" mi="0" ci="11" mb="0" cb="0" />
         <line nr="140" mi="0" ci="9" mb="0" cb="0" />
         <line nr="156" mi="0" ci="2" mb="0" cb="0" />
         <line nr="157" mi="0" ci="3" mb="0" cb="0" />
         <line nr="158" mi="0" ci="3" mb="0" cb="0" />
         <line nr="159" mi="0" ci="3" mb="0" cb="0" />
         <line nr="160" mi="0" ci="8" mb="0" cb="0" />
         <line nr="164" mi="0" ci="8" mb="0" cb="0" />
         <line nr="167" mi="0" ci="4" mb="0" cb="0" />
         <counter type="INSTRUCTION" missed="44" covered="258" />
         <counter type="BRANCH" missed="5" covered="19" />
         <counter type="LINE" missed="11" covered="44" />
         <counter type="COMPLEXITY" missed="5" covered="17" />
         <counter type="METHOD" missed="0" covered="6" />
         <counter type="CLASS" missed="0" covered="2" />
      </sourcefile>
      <sourcefile name="Test.java">
         <line nr="35" mi="5" ci="0" mb="0" cb="0" />
         <line nr="36" mi="4" ci="0" mb="0" cb="0" />
         <line nr="37" mi="4" ci="0" mb="0" cb="0" />
         <line nr="38" mi="3" ci="0" mb="0" cb="0" />
         <line nr="39" mi="1" ci="0" mb="0" cb="0" />
         <line nr="44" mi="2" ci="0" mb="0" cb="0" />
         <line nr="45" mi="1" ci="0" mb="0" cb="0" />
         <counter type="INSTRUCTION" missed="20" covered="0" />
         <counter type="LINE" missed="7" covered="0" />
         <counter type="COMPLEXITY" missed="2" covered="0" />
         <counter type="METHOD" missed="2" covered="0" />
         <counter type="CLASS" missed="1" covered="0" />
      </sourcefile>
      <counter type="INSTRUCTION" missed="64" covered="258" />
      <counter type="BRANCH" missed="5" covered="19" />
      <counter type="LINE" missed="18" covered="44" />
      <counter type="COMPLEXITY" missed="7" covered="17" />
      <counter type="METHOD" missed="2" covered="6" />
      <counter type="CLASS" missed="1" covered="2" />
   </package>
   <package name="ch/gitik/qsreporter/jacoco">
      <class name="ch/gitik/qsreporter/jacoco/JaCoCoModel">
         <method name="&lt;init&gt;" desc="(Lch/gitik/qsreporter/jacoco/JaCoCoSensor;Lch/gitik/qsreporter/jacoco/JaCoCoSensor;Lch/gitik/qsreporter/jacoco/JaCoCoSensor;Lch/gitik/qsreporter/jacoco/JaCoCoSensor;Lch/gitik/qsreporter/jacoco/JaCoCoSensor;)V" line="48">
            <counter type="INSTRUCTION" missed="0" covered="18" />
            <counter type="LINE" missed="0" covered="7" />
            <counter type="COMPLEXITY" missed="0" covered="1" />
            <counter type="METHOD" missed="0" covered="1" />
         </method>
         <method name="getClazz" desc="()Lch/gitik/qsreporter/jacoco/JaCoCoSensor;" line="61">
            <counter type="INSTRUCTION" missed="0" covered="3" />
            <counter type="LINE" missed="0" covered="1" />
            <counter type="COMPLEXITY" missed="0" covered="1" />
            <counter type="METHOD" missed="0" covered="1" />
         </method>
         <method name="getMethode" desc="()Lch/gitik/qsreporter/jacoco/JaCoCoSensor;" line="69">
            <counter type="INSTRUCTION" missed="0" covered="3" />
            <counter type="LINE" missed="0" covered="1" />
            <counter type="COMPLEXITY" missed="0" covered="1" />
            <counter type="METHOD" missed="0" covered="1" />
         </method>
         <method name="getBranch" desc="()Lch/gitik/qsreporter/jacoco/JaCoCoSensor;" line="77">
            <counter type="INSTRUCTION" missed="0" covered="3" />
            <counter type="LINE" missed="0" covered="1" />
            <counter type="COMPLEXITY" missed="0" covered="1" />
            <counter type="METHOD" missed="0" covered="1" />
         </method>
         <method name="getInstruction" desc="()Lch/gitik/qsreporter/jacoco/JaCoCoSensor;" line="85">
            <counter type="INSTRUCTION" missed="0" covered="3" />
            <counter type="LINE" missed="0" covered="1" />
            <counter type="COMPLEXITY" missed="0" covered="1" />
            <counter type="METHOD" missed="0" covered="1" />
         </method>
         <method name="getLine" desc="()Lch/gitik/qsreporter/jacoco/JaCoCoSensor;" line="93">
            <counter type="INSTRUCTION" missed="0" covered="3" />
            <counter type="LINE" missed="0" covered="1" />
            <counter type="COMPLEXITY" missed="0" covered="1" />
            <counter type="METHOD" missed="0" covered="1" />
         </method>
         <method name="toString" desc="()Ljava/lang/String;" line="101">
            <counter type="INSTRUCTION" missed="0" covered="57" />
            <counter type="LINE" missed="0" covered="13" />
            <counter type="COMPLEXITY" missed="0" covered="1" />
            <counter type="METHOD" missed="0" covered="1" />
         </method>
         <counter type="INSTRUCTION" missed="0" covered="90" />
         <counter type="LINE" missed="0" covered="25" />
         <counter type="COMPLEXITY" missed="0" covered="7" />
         <counter type="METHOD" missed="0" covered="7" />
         <counter type="CLASS" missed="0" covered="1" />
      </class>
      <class name="ch/gitik/qsreporter/jacoco/JaCoCoSensor">
         <method name="&lt;init&gt;" desc="(II)V" line="35">
            <counter type="INSTRUCTION" missed="0" covered="9" />
            <counter type="LINE" missed="0" covered="4" />
            <counter type="COMPLEXITY" missed="0" covered="1" />
            <counter type="METHOD" missed="0" covered="1" />
         </method>
         <method name="getCoverage" desc="()I" line="45">
            <counter type="INSTRUCTION" missed="0" covered="3" />
            <counter type="LINE" missed="0" covered="1" />
            <counter type="COMPLEXITY" missed="0" covered="1" />
            <counter type="METHOD" missed="0" covered="1" />
         </method>
         <method name="getMissed" desc="()I" line="53">
            <counter type="INSTRUCTION" missed="0" covered="3" />
            <counter type="LINE" missed="0" covered="1" />
            <counter type="COMPLEXITY" missed="0" covered="1" />
            <counter type="METHOD" missed="0" covered="1" />
         </method>
         <method name="getTotal" desc="()I" line="61">
            <counter type="INSTRUCTION" missed="0" covered="6" />
            <counter type="LINE" missed="0" covered="1" />
            <counter type="COMPLEXITY" missed="0" covered="1" />
            <counter type="METHOD" missed="0" covered="1" />
         </method>
         <method name="getPercent" desc="()I" line="69">
            <counter type="INSTRUCTION" missed="0" covered="15" />
            <counter type="BRANCH" missed="0" covered="2" />
            <counter type="LINE" missed="0" covered="4" />
            <counter type="COMPLEXITY" missed="0" covered="2" />
            <counter type="METHOD" missed="0" covered="1" />
         </method>
         <method name="toString" desc="()Ljava/lang/String;" line="81">
            <counter type="INSTRUCTION" missed="0" covered="27" />
            <counter type="LINE" missed="0" covered="1" />
            <counter type="COMPLEXITY" missed="0" covered="1" />
            <counter type="METHOD" missed="0" covered="1" />
         </method>
         <counter type="INSTRUCTION" missed="0" covered="63" />
         <counter type="BRANCH" missed="0" covered="2" />
         <counter type="LINE" missed="0" covered="12" />
         <counter type="COMPLEXITY" missed="0" covered="7" />
         <counter type="METHOD" missed="0" covered="6" />
         <counter type="CLASS" missed="0" covered="1" />
      </class>
      <sourcefile name="JaCoCoModel.java">
         <line nr="48" mi="0" ci="2" mb="0" cb="0" />
         <line nr="49" mi="0" ci="3" mb="0" cb="0" />
         <line nr="50" mi="0" ci="3" mb="0" cb="0" />
         <line nr="51" mi="0" ci="3" mb="0" cb="0" />
         <line nr="52" mi="0" ci="3" mb="0" cb="0" />
         <line nr="53" mi="0" ci="3" mb="0" cb="0" />
         <line nr="54" mi="0" ci="1" mb="0" cb="0" />
         <line nr="61" mi="0" ci="3" mb="0" cb="0" />
         <line nr="69" mi="0" ci="3" mb="0" cb="0" />
         <line nr="77" mi="0" ci="3" mb="0" cb="0" />
         <line nr="85" mi="0" ci="3" mb="0" cb="0" />
         <line nr="93" mi="0" ci="3" mb="0" cb="0" />
         <line nr="101" mi="0" ci="5" mb="0" cb="0" />
         <line nr="102" mi="0" ci="4" mb="0" cb="0" />
         <line nr="103" mi="0" ci="5" mb="0" cb="0" />
         <line nr="104" mi="0" ci="4" mb="0" cb="0" />
         <line nr="105" mi="0" ci="5" mb="0" cb="0" />
         <line nr="106" mi="0" ci="4" mb="0" cb="0" />
         <line nr="107" mi="0" ci="5" mb="0" cb="0" />
         <line nr="108" mi="0" ci="4" mb="0" cb="0" />
         <line nr="109" mi="0" ci="5" mb="0" cb="0" />
         <line nr="110" mi="0" ci="4" mb="0" cb="0" />
         <line nr="111" mi="0" ci="5" mb="0" cb="0" />
         <line nr="112" mi="0" ci="4" mb="0" cb="0" />
         <line nr="113" mi="0" ci="3" mb="0" cb="0" />
         <counter type="INSTRUCTION" missed="0" covered="90" />
         <counter type="LINE" missed="0" covered="25" />
         <counter type="COMPLEXITY" missed="0" covered="7" />
         <counter type="METHOD" missed="0" covered="7" />
         <counter type="CLASS" missed="0" covered="1" />
      </sourcefile>
      <sourcefile name="JaCoCoSensor.java">
         <line nr="35" mi="0" ci="2" mb="0" cb="0" />
         <line nr="36" mi="0" ci="3" mb="0" cb="0" />
         <line nr="37" mi="0" ci="3" mb="0" cb="0" />
         <line nr="38" mi="0" ci="1" mb="0" cb="0" />
         <line nr="45" mi="0" ci="3" mb="0" cb="0" />
         <line nr="53" mi="0" ci="3" mb="0" cb="0" />
         <line nr="61" mi="0" ci="6" mb="0" cb="0" />
         <line nr="69" mi="0" ci="2" mb="0" cb="0" />
         <line nr="70" mi="0" ci="3" mb="0" cb="2" />
         <line nr="71" mi="0" ci="8" mb="0" cb="0" />
         <line nr="73" mi="0" ci="2" mb="0" cb="0" />
         <line nr="81" mi="0" ci="27" mb="0" cb="0" />
         <counter type="INSTRUCTION" missed="0" covered="63" />
         <counter type="BRANCH" missed="0" covered="2" />
         <counter type="LINE" missed="0" covered="12" />
         <counter type="COMPLEXITY" missed="0" covered="7" />
         <counter type="METHOD" missed="0" covered="6" />
         <counter type="CLASS" missed="0" covered="1" />
      </sourcefile>
      <counter type="INSTRUCTION" missed="0" covered="153" />
      <counter type="BRANCH" missed="0" covered="2" />
      <counter type="LINE" missed="0" covered="37" />
      <counter type="COMPLEXITY" missed="0" covered="14" />
      <counter type="METHOD" missed="0" covered="13" />
      <counter type="CLASS" missed="0" covered="2" />
   </package>
   <counter type="INSTRUCTION" missed="64" covered="411" />
   <counter type="BRANCH" missed="5" covered="21" />
   <counter type="LINE" missed="18" covered="81" />
   <counter type="COMPLEXITY" missed="7" covered="31" />
   <counter type="METHOD" missed="2" covered="19" />
   <counter type="CLASS" missed="1" covered="4" />
</report>